2024-07-24 15:48:16.385  INFO 4984 --- [restartedMain] c.bikkadit.blog.BlogAppApisApplication   : Starting BlogAppApisApplication using Java 17.0.10 on SONUP with PID 4984 (C:\Users\shekh\OneDrive\Desktop\Complete-BackendProjectUsingSpringboot\blog-app-apis\target\classes started by shekh in C:\Users\shekh\OneDrive\Desktop\Complete-BackendProjectUsingSpringboot\blog-app-apis)
2024-07-24 15:48:16.451  INFO 4984 --- [restartedMain] c.bikkadit.blog.BlogAppApisApplication   : No active profile set, falling back to 1 default profile: "default"
2024-07-24 15:48:17.088  INFO 4984 --- [restartedMain] .e.DevToolsPropertyDefaultsPostProcessor : Devtools property defaults active! Set 'spring.devtools.add-properties' to 'false' to disable
2024-07-24 15:48:17.091  INFO 4984 --- [restartedMain] .e.DevToolsPropertyDefaultsPostProcessor : For additional web related logging consider setting the 'logging.level.web' property to 'DEBUG'
2024-07-24 15:48:22.305  INFO 4984 --- [restartedMain] .s.d.r.c.RepositoryConfigurationDelegate : Bootstrapping Spring Data JPA repositories in DEFAULT mode.
2024-07-24 15:48:22.832  INFO 4984 --- [restartedMain] .s.d.r.c.RepositoryConfigurationDelegate : Finished Spring Data repository scanning in 458 ms. Found 3 JPA repository interfaces.
2024-07-24 15:48:26.152  INFO 4984 --- [restartedMain] o.s.b.w.embedded.tomcat.TomcatWebServer  : Tomcat initialized with port(s): 9191 (http)
2024-07-24 15:48:26.191  INFO 4984 --- [restartedMain] o.apache.catalina.core.StandardService   : Starting service [Tomcat]
2024-07-24 15:48:26.197  INFO 4984 --- [restartedMain] org.apache.catalina.core.StandardEngine  : Starting Servlet engine: [Apache Tomcat/9.0.71]
2024-07-24 15:48:26.709  INFO 4984 --- [restartedMain] o.a.c.c.C.[Tomcat].[localhost].[/]       : Initializing Spring embedded WebApplicationContext
2024-07-24 15:48:26.710  INFO 4984 --- [restartedMain] w.s.c.ServletWebServerApplicationContext : Root WebApplicationContext: initialization completed in 9585 ms
2024-07-24 15:48:27.296  INFO 4984 --- [restartedMain] o.hibernate.jpa.internal.util.LogHelper  : HHH000204: Processing PersistenceUnitInfo [name: default]
2024-07-24 15:48:27.652  INFO 4984 --- [restartedMain] org.hibernate.Version                    : HHH000412: Hibernate ORM core version 5.6.14.Final
2024-07-24 15:48:28.690  INFO 4984 --- [restartedMain] o.hibernate.annotations.common.Version   : HCANN000001: Hibernate Commons Annotations {5.1.2.Final}
2024-07-24 15:48:29.286  INFO 4984 --- [restartedMain] com.zaxxer.hikari.HikariDataSource       : HikariPool-1 - Starting...
2024-07-24 15:48:30.950  INFO 4984 --- [restartedMain] com.zaxxer.hikari.HikariDataSource       : HikariPool-1 - Start completed.
2024-07-24 15:48:31.140  INFO 4984 --- [restartedMain] org.hibernate.dialect.Dialect            : HHH000400: Using dialect: org.hibernate.dialect.MySQL8Dialect
2024-07-24 15:48:35.352  INFO 4984 --- [restartedMain] o.h.e.t.j.p.i.JtaPlatformInitiator       : HHH000490: Using JtaPlatform implementation: [org.hibernate.engine.transaction.jta.platform.internal.NoJtaPlatform]
2024-07-24 15:48:35.384  INFO 4984 --- [restartedMain] j.LocalContainerEntityManagerFactoryBean : Initialized JPA EntityManagerFactory for persistence unit 'default'
2024-07-24 15:48:37.440  WARN 4984 --- [restartedMain] JpaBaseConfiguration$JpaWebConfiguration : spring.jpa.open-in-view is enabled by default. Therefore, database queries may be performed during view rendering. Explicitly configure spring.jpa.open-in-view to disable this warning
2024-07-24 15:48:38.786  INFO 4984 --- [restartedMain] o.s.b.d.a.OptionalLiveReloadServer       : LiveReload server is running on port 35729
2024-07-24 15:48:38.986  INFO 4984 --- [restartedMain] o.s.b.w.embedded.tomcat.TomcatWebServer  : Tomcat started on port(s): 9191 (http) with context path ''
2024-07-24 15:48:39.051  INFO 4984 --- [restartedMain] c.bikkadit.blog.BlogAppApisApplication   : Started BlogAppApisApplication in 25.159 seconds (JVM running for 27.344)
2024-07-24 15:49:28.040  INFO 4984 --- [http-nio-9191-exec-1] o.a.c.c.C.[Tomcat].[localhost].[/]       : Initializing Spring DispatcherServlet 'dispatcherServlet'
2024-07-24 15:49:28.042  INFO 4984 --- [http-nio-9191-exec-1] o.s.web.servlet.DispatcherServlet        : Initializing Servlet 'dispatcherServlet'
2024-07-24 15:49:28.045  INFO 4984 --- [http-nio-9191-exec-1] o.s.web.servlet.DispatcherServlet        : Completed initialization in 2 ms
2024-07-24 15:49:28.190  INFO 4984 --- [http-nio-9191-exec-1] c.b.blog.controllers.PostController      : Initiating the request to get all posts
2024-07-24 15:49:28.191  INFO 4984 --- [http-nio-9191-exec-1] c.b.blog.services.impl.PostServiceImpl   : Initiating the request to get a dao call for all posts 
2024-07-24 15:49:28.816  INFO 4984 --- [http-nio-9191-exec-1] c.b.blog.services.impl.PostServiceImpl   : Compliting the request to get a dao call for all posts 
2024-07-24 15:49:28.818  INFO 4984 --- [http-nio-9191-exec-1] c.b.blog.controllers.PostController      : Compliting the request to get all posts
2024-07-24 15:50:10.794  INFO 4984 --- [http-nio-9191-exec-3] c.b.blog.controllers.PostController      : Initiating the request to get all posts
2024-07-24 15:50:10.794  INFO 4984 --- [http-nio-9191-exec-3] c.b.blog.services.impl.PostServiceImpl   : Initiating the request to get a dao call for all posts 
2024-07-24 15:50:10.919  INFO 4984 --- [http-nio-9191-exec-3] c.b.blog.services.impl.PostServiceImpl   : Compliting the request to get a dao call for all posts 
2024-07-24 15:50:10.920  INFO 4984 --- [http-nio-9191-exec-3] c.b.blog.controllers.PostController      : Compliting the request to get all posts
2024-07-24 15:51:06.327  INFO 4984 --- [http-nio-9191-exec-4] c.b.blog.controllers.PostController      : Initiating the request to get all posts
2024-07-24 15:51:06.327  INFO 4984 --- [http-nio-9191-exec-4] c.b.blog.services.impl.PostServiceImpl   : Initiating the request to get a dao call for all posts 
2024-07-24 15:51:06.354  INFO 4984 --- [http-nio-9191-exec-4] c.b.blog.services.impl.PostServiceImpl   : Compliting the request to get a dao call for all posts 
2024-07-24 15:51:06.355  INFO 4984 --- [http-nio-9191-exec-4] c.b.blog.controllers.PostController      : Compliting the request to get all posts
2024-07-24 15:51:20.087  INFO 4984 --- [http-nio-9191-exec-5] c.b.blog.controllers.PostController      : Initiating the request to get all posts
2024-07-24 15:51:20.088  INFO 4984 --- [http-nio-9191-exec-5] c.b.blog.services.impl.PostServiceImpl   : Initiating the request to get a dao call for all posts 
2024-07-24 15:51:20.101  INFO 4984 --- [http-nio-9191-exec-5] c.b.blog.services.impl.PostServiceImpl   : Compliting the request to get a dao call for all posts 
2024-07-24 15:51:20.101  INFO 4984 --- [http-nio-9191-exec-5] c.b.blog.controllers.PostController      : Compliting the request to get all posts
2024-07-24 15:57:13.708  INFO 4984 --- [RMI TCP Connection(11)-127.0.0.1] inMXBeanRegistrar$SpringApplicationAdmin : Application shutdown requested.
2024-07-24 15:57:13.725  INFO 4984 --- [RMI TCP Connection(11)-127.0.0.1] o.apache.catalina.core.StandardService   : Stopping service [Tomcat]
2024-07-24 15:57:13.728  INFO 4984 --- [RMI TCP Connection(11)-127.0.0.1] o.a.c.c.C.[Tomcat].[localhost].[/]       : Destroying Spring FrameworkServlet 'dispatcherServlet'
2024-07-24 15:57:13.744  INFO 4984 --- [RMI TCP Connection(11)-127.0.0.1] j.LocalContainerEntityManagerFactoryBean : Closing JPA EntityManagerFactory for persistence unit 'default'
2024-07-24 15:57:13.749  INFO 4984 --- [RMI TCP Connection(11)-127.0.0.1] com.zaxxer.hikari.HikariDataSource       : HikariPool-1 - Shutdown initiated...
2024-07-24 15:57:13.768  INFO 4984 --- [RMI TCP Connection(11)-127.0.0.1] com.zaxxer.hikari.HikariDataSource       : HikariPool-1 - Shutdown completed.
2024-07-24 16:14:40.420  INFO 23532 --- [restartedMain] c.bikkadit.blog.BlogAppApisApplication   : Starting BlogAppApisApplication using Java 17.0.10 on SONUP with PID 23532 (C:\Users\shekh\OneDrive\Desktop\Complete-BackendProjectUsingSpringboot\blog-app-apis\target\classes started by shekh in C:\Users\shekh\OneDrive\Desktop\Complete-BackendProjectUsingSpringboot\blog-app-apis)
2024-07-24 16:14:40.423  INFO 23532 --- [restartedMain] c.bikkadit.blog.BlogAppApisApplication   : No active profile set, falling back to 1 default profile: "default"
2024-07-24 16:14:40.509  INFO 23532 --- [restartedMain] .e.DevToolsPropertyDefaultsPostProcessor : Devtools property defaults active! Set 'spring.devtools.add-properties' to 'false' to disable
2024-07-24 16:14:40.509  INFO 23532 --- [restartedMain] .e.DevToolsPropertyDefaultsPostProcessor : For additional web related logging consider setting the 'logging.level.web' property to 'DEBUG'
2024-07-24 16:14:41.507  INFO 23532 --- [restartedMain] .s.d.r.c.RepositoryConfigurationDelegate : Bootstrapping Spring Data JPA repositories in DEFAULT mode.
2024-07-24 16:14:41.604  INFO 23532 --- [restartedMain] .s.d.r.c.RepositoryConfigurationDelegate : Finished Spring Data repository scanning in 77 ms. Found 3 JPA repository interfaces.
2024-07-24 16:14:42.644  INFO 23532 --- [restartedMain] o.s.b.w.embedded.tomcat.TomcatWebServer  : Tomcat initialized with port(s): 9191 (http)
2024-07-24 16:14:42.664  INFO 23532 --- [restartedMain] o.apache.catalina.core.StandardService   : Starting service [Tomcat]
2024-07-24 16:14:42.665  INFO 23532 --- [restartedMain] org.apache.catalina.core.StandardEngine  : Starting Servlet engine: [Apache Tomcat/9.0.71]
2024-07-24 16:14:42.833  INFO 23532 --- [restartedMain] o.a.c.c.C.[Tomcat].[localhost].[/]       : Initializing Spring embedded WebApplicationContext
2024-07-24 16:14:42.834  INFO 23532 --- [restartedMain] w.s.c.ServletWebServerApplicationContext : Root WebApplicationContext: initialization completed in 2323 ms
2024-07-24 16:14:43.113  INFO 23532 --- [restartedMain] o.hibernate.jpa.internal.util.LogHelper  : HHH000204: Processing PersistenceUnitInfo [name: default]
2024-07-24 16:14:43.246  INFO 23532 --- [restartedMain] org.hibernate.Version                    : HHH000412: Hibernate ORM core version 5.6.14.Final
2024-07-24 16:14:43.625  INFO 23532 --- [restartedMain] o.hibernate.annotations.common.Version   : HCANN000001: Hibernate Commons Annotations {5.1.2.Final}
2024-07-24 16:14:43.895  INFO 23532 --- [restartedMain] com.zaxxer.hikari.HikariDataSource       : HikariPool-1 - Starting...
2024-07-24 16:14:44.609  INFO 23532 --- [restartedMain] com.zaxxer.hikari.HikariDataSource       : HikariPool-1 - Start completed.
2024-07-24 16:14:44.678  INFO 23532 --- [restartedMain] org.hibernate.dialect.Dialect            : HHH000400: Using dialect: org.hibernate.dialect.MySQL8Dialect
2024-07-24 16:14:46.797  INFO 23532 --- [restartedMain] o.h.e.t.j.p.i.JtaPlatformInitiator       : HHH000490: Using JtaPlatform implementation: [org.hibernate.engine.transaction.jta.platform.internal.NoJtaPlatform]
2024-07-24 16:14:46.819  INFO 23532 --- [restartedMain] j.LocalContainerEntityManagerFactoryBean : Initialized JPA EntityManagerFactory for persistence unit 'default'
2024-07-24 16:14:47.796  WARN 23532 --- [restartedMain] JpaBaseConfiguration$JpaWebConfiguration : spring.jpa.open-in-view is enabled by default. Therefore, database queries may be performed during view rendering. Explicitly configure spring.jpa.open-in-view to disable this warning
2024-07-24 16:14:48.363  INFO 23532 --- [restartedMain] o.s.b.d.a.OptionalLiveReloadServer       : LiveReload server is running on port 35729
2024-07-24 16:14:48.445  INFO 23532 --- [restartedMain] o.s.b.w.embedded.tomcat.TomcatWebServer  : Tomcat started on port(s): 9191 (http) with context path ''
2024-07-24 16:14:48.462  INFO 23532 --- [restartedMain] c.bikkadit.blog.BlogAppApisApplication   : Started BlogAppApisApplication in 8.898 seconds (JVM running for 10.265)
2024-07-24 16:15:40.859  INFO 23532 --- [http-nio-9191-exec-1] o.a.c.c.C.[Tomcat].[localhost].[/]       : Initializing Spring DispatcherServlet 'dispatcherServlet'
2024-07-24 16:15:40.859  INFO 23532 --- [http-nio-9191-exec-1] o.s.web.servlet.DispatcherServlet        : Initializing Servlet 'dispatcherServlet'
2024-07-24 16:15:40.859  INFO 23532 --- [http-nio-9191-exec-1] o.s.web.servlet.DispatcherServlet        : Completed initialization in 0 ms
2024-07-24 16:15:40.939  INFO 23532 --- [http-nio-9191-exec-1] c.b.blog.controllers.PostController      : Initiating the request to get all posts
2024-07-24 16:15:40.939  INFO 23532 --- [http-nio-9191-exec-1] c.b.blog.services.impl.PostServiceImpl   : Initiating the request to get a dao call for all posts 
2024-07-24 16:15:41.289  INFO 23532 --- [http-nio-9191-exec-1] c.b.blog.services.impl.PostServiceImpl   : Compliting the request to get a dao call for all posts 
2024-07-24 16:15:41.289  INFO 23532 --- [http-nio-9191-exec-1] c.b.blog.controllers.PostController      : Compliting the request to get all posts
2024-07-24 16:15:51.174  INFO 23532 --- [http-nio-9191-exec-3] c.b.blog.controllers.PostController      : Initiating the request to get all posts
2024-07-24 16:15:51.174  INFO 23532 --- [http-nio-9191-exec-3] c.b.blog.services.impl.PostServiceImpl   : Initiating the request to get a dao call for all posts 
2024-07-24 16:15:51.214  INFO 23532 --- [http-nio-9191-exec-3] c.b.blog.services.impl.PostServiceImpl   : Compliting the request to get a dao call for all posts 
2024-07-24 16:15:51.214  INFO 23532 --- [http-nio-9191-exec-3] c.b.blog.controllers.PostController      : Compliting the request to get all posts
2024-07-24 16:16:18.031  INFO 23532 --- [http-nio-9191-exec-4] c.b.blog.controllers.PostController      : Initiating the request to get all posts
2024-07-24 16:16:18.033  INFO 23532 --- [http-nio-9191-exec-4] c.b.blog.services.impl.PostServiceImpl   : Initiating the request to get a dao call for all posts 
2024-07-24 16:16:18.047  INFO 23532 --- [http-nio-9191-exec-4] c.b.blog.services.impl.PostServiceImpl   : Compliting the request to get a dao call for all posts 
2024-07-24 16:16:18.047  INFO 23532 --- [http-nio-9191-exec-4] c.b.blog.controllers.PostController      : Compliting the request to get all posts
2024-07-24 16:17:37.832  INFO 23532 --- [File Watcher] rtingClassPathChangeChangedEventListener : Restarting due to 1 class path change (0 additions, 0 deletions, 1 modification)
2024-07-24 16:17:38.182  INFO 23532 --- [Thread-5] o.apache.catalina.core.StandardService   : Stopping service [Tomcat]
2024-07-24 16:17:38.187  INFO 23532 --- [Thread-5] o.a.c.c.C.[Tomcat].[localhost].[/]       : Destroying Spring FrameworkServlet 'dispatcherServlet'
2024-07-24 16:17:38.288  INFO 23532 --- [Thread-5] j.LocalContainerEntityManagerFactoryBean : Closing JPA EntityManagerFactory for persistence unit 'default'
2024-07-24 16:17:38.294  INFO 23532 --- [Thread-5] com.zaxxer.hikari.HikariDataSource       : HikariPool-1 - Shutdown initiated...
2024-07-24 16:17:38.322  INFO 23532 --- [Thread-5] com.zaxxer.hikari.HikariDataSource       : HikariPool-1 - Shutdown completed.
2024-07-24 16:17:38.520  INFO 23532 --- [restartedMain] c.bikkadit.blog.BlogAppApisApplication   : Starting BlogAppApisApplication using Java 17.0.10 on SONUP with PID 23532 (C:\Users\shekh\OneDrive\Desktop\Complete-BackendProjectUsingSpringboot\blog-app-apis\target\classes started by shekh in C:\Users\shekh\OneDrive\Desktop\Complete-BackendProjectUsingSpringboot\blog-app-apis)
2024-07-24 16:17:38.521  INFO 23532 --- [restartedMain] c.bikkadit.blog.BlogAppApisApplication   : No active profile set, falling back to 1 default profile: "default"
2024-07-24 16:17:38.846  INFO 23532 --- [restartedMain] .s.d.r.c.RepositoryConfigurationDelegate : Bootstrapping Spring Data JPA repositories in DEFAULT mode.
2024-07-24 16:17:38.896  INFO 23532 --- [restartedMain] .s.d.r.c.RepositoryConfigurationDelegate : Finished Spring Data repository scanning in 48 ms. Found 3 JPA repository interfaces.
2024-07-24 16:17:39.053  INFO 23532 --- [restartedMain] o.s.b.w.embedded.tomcat.TomcatWebServer  : Tomcat initialized with port(s): 9191 (http)
2024-07-24 16:17:39.055  INFO 23532 --- [restartedMain] o.apache.catalina.core.StandardService   : Starting service [Tomcat]
2024-07-24 16:17:39.056  INFO 23532 --- [restartedMain] org.apache.catalina.core.StandardEngine  : Starting Servlet engine: [Apache Tomcat/9.0.71]
2024-07-24 16:17:39.106  INFO 23532 --- [restartedMain] o.a.c.c.C.[Tomcat].[localhost].[/]       : Initializing Spring embedded WebApplicationContext
2024-07-24 16:17:39.106  INFO 23532 --- [restartedMain] w.s.c.ServletWebServerApplicationContext : Root WebApplicationContext: initialization completed in 581 ms
2024-07-24 16:17:39.169  INFO 23532 --- [restartedMain] o.hibernate.jpa.internal.util.LogHelper  : HHH000204: Processing PersistenceUnitInfo [name: default]
2024-07-24 16:17:39.176  INFO 23532 --- [restartedMain] com.zaxxer.hikari.HikariDataSource       : HikariPool-2 - Starting...
2024-07-24 16:17:39.207  INFO 23532 --- [restartedMain] com.zaxxer.hikari.HikariDataSource       : HikariPool-2 - Start completed.
2024-07-24 16:17:39.208  INFO 23532 --- [restartedMain] org.hibernate.dialect.Dialect            : HHH000400: Using dialect: org.hibernate.dialect.MySQL8Dialect
2024-07-24 16:17:39.413  INFO 23532 --- [restartedMain] o.h.e.t.j.p.i.JtaPlatformInitiator       : HHH000490: Using JtaPlatform implementation: [org.hibernate.engine.transaction.jta.platform.internal.NoJtaPlatform]
2024-07-24 16:17:39.414  INFO 23532 --- [restartedMain] j.LocalContainerEntityManagerFactoryBean : Initialized JPA EntityManagerFactory for persistence unit 'default'
2024-07-24 16:17:39.705  WARN 23532 --- [restartedMain] JpaBaseConfiguration$JpaWebConfiguration : spring.jpa.open-in-view is enabled by default. Therefore, database queries may be performed during view rendering. Explicitly configure spring.jpa.open-in-view to disable this warning
2024-07-24 16:17:39.846  INFO 23532 --- [restartedMain] o.s.b.d.a.OptionalLiveReloadServer       : LiveReload server is running on port 35729
2024-07-24 16:17:39.864  INFO 23532 --- [restartedMain] o.s.b.w.embedded.tomcat.TomcatWebServer  : Tomcat started on port(s): 9191 (http) with context path ''
2024-07-24 16:17:39.871  INFO 23532 --- [restartedMain] c.bikkadit.blog.BlogAppApisApplication   : Started BlogAppApisApplication in 1.423 seconds (JVM running for 181.673)
2024-07-24 16:17:39.873  INFO 23532 --- [restartedMain] .ConditionEvaluationDeltaLoggingListener : Condition evaluation unchanged
2024-07-24 16:17:55.813  INFO 23532 --- [http-nio-9191-exec-2] o.a.c.c.C.[Tomcat].[localhost].[/]       : Initializing Spring DispatcherServlet 'dispatcherServlet'
2024-07-24 16:17:55.813  INFO 23532 --- [http-nio-9191-exec-2] o.s.web.servlet.DispatcherServlet        : Initializing Servlet 'dispatcherServlet'
2024-07-24 16:17:55.813  INFO 23532 --- [http-nio-9191-exec-2] o.s.web.servlet.DispatcherServlet        : Completed initialization in 0 ms
2024-07-24 16:17:55.821  INFO 23532 --- [http-nio-9191-exec-2] c.b.blog.controllers.PostController      : Initiating the request to get all posts
2024-07-24 16:17:55.829  INFO 23532 --- [http-nio-9191-exec-2] c.b.blog.services.impl.PostServiceImpl   : Initiating the request to get a dao call for all posts 
2024-07-24 16:17:55.853  INFO 23532 --- [http-nio-9191-exec-2] c.b.blog.services.impl.PostServiceImpl   : Compliting the request to get a dao call for all posts 
2024-07-24 16:17:55.853  INFO 23532 --- [http-nio-9191-exec-2] c.b.blog.controllers.PostController      : Compliting the request to get all posts
2024-07-24 16:18:25.059  INFO 23532 --- [http-nio-9191-exec-3] c.b.blog.controllers.PostController      : Initiating the request to get all posts
2024-07-24 16:18:25.067  INFO 23532 --- [http-nio-9191-exec-3] c.b.blog.services.impl.PostServiceImpl   : Initiating the request to get a dao call for all posts 
2024-07-24 16:18:25.083  INFO 23532 --- [http-nio-9191-exec-3] c.b.blog.services.impl.PostServiceImpl   : Compliting the request to get a dao call for all posts 
2024-07-24 16:18:25.083  INFO 23532 --- [http-nio-9191-exec-3] c.b.blog.controllers.PostController      : Compliting the request to get all posts
2024-07-24 16:24:23.173  INFO 23532 --- [RMI TCP Connection(13)-127.0.0.1] inMXBeanRegistrar$SpringApplicationAdmin : Application shutdown requested.
2024-07-24 16:24:23.189  INFO 23532 --- [RMI TCP Connection(13)-127.0.0.1] o.apache.catalina.core.StandardService   : Stopping service [Tomcat]
2024-07-24 16:24:23.189  INFO 23532 --- [RMI TCP Connection(13)-127.0.0.1] o.a.c.c.C.[Tomcat].[localhost].[/]       : Destroying Spring FrameworkServlet 'dispatcherServlet'
2024-07-24 16:24:23.203  INFO 23532 --- [RMI TCP Connection(13)-127.0.0.1] j.LocalContainerEntityManagerFactoryBean : Closing JPA EntityManagerFactory for persistence unit 'default'
2024-07-24 16:24:23.206  INFO 23532 --- [RMI TCP Connection(13)-127.0.0.1] com.zaxxer.hikari.HikariDataSource       : HikariPool-2 - Shutdown initiated...
2024-07-24 16:24:23.213  INFO 23532 --- [RMI TCP Connection(13)-127.0.0.1] com.zaxxer.hikari.HikariDataSource       : HikariPool-2 - Shutdown completed.
2024-07-24 16:33:32.527  INFO 11924 --- [restartedMain] c.bikkadit.blog.BlogAppApisApplication   : Starting BlogAppApisApplication using Java 17.0.10 on SONUP with PID 11924 (C:\Users\shekh\OneDrive\Desktop\Complete-BackendProjectUsingSpringboot\blog-app-apis\target\classes started by shekh in C:\Users\shekh\OneDrive\Desktop\Complete-BackendProjectUsingSpringboot\blog-app-apis)
2024-07-24 16:33:32.529  INFO 11924 --- [restartedMain] c.bikkadit.blog.BlogAppApisApplication   : No active profile set, falling back to 1 default profile: "default"
2024-07-24 16:33:32.618  INFO 11924 --- [restartedMain] .e.DevToolsPropertyDefaultsPostProcessor : Devtools property defaults active! Set 'spring.devtools.add-properties' to 'false' to disable
2024-07-24 16:33:32.618  INFO 11924 --- [restartedMain] .e.DevToolsPropertyDefaultsPostProcessor : For additional web related logging consider setting the 'logging.level.web' property to 'DEBUG'
2024-07-24 16:33:33.596  INFO 11924 --- [restartedMain] .s.d.r.c.RepositoryConfigurationDelegate : Bootstrapping Spring Data JPA repositories in DEFAULT mode.
2024-07-24 16:33:33.721  INFO 11924 --- [restartedMain] .s.d.r.c.RepositoryConfigurationDelegate : Finished Spring Data repository scanning in 110 ms. Found 3 JPA repository interfaces.
2024-07-24 16:33:34.846  INFO 11924 --- [restartedMain] o.s.b.w.embedded.tomcat.TomcatWebServer  : Tomcat initialized with port(s): 9191 (http)
2024-07-24 16:33:34.865  INFO 11924 --- [restartedMain] o.apache.catalina.core.StandardService   : Starting service [Tomcat]
2024-07-24 16:33:34.866  INFO 11924 --- [restartedMain] org.apache.catalina.core.StandardEngine  : Starting Servlet engine: [Apache Tomcat/9.0.71]
2024-07-24 16:33:35.046  INFO 11924 --- [restartedMain] o.a.c.c.C.[Tomcat].[localhost].[/]       : Initializing Spring embedded WebApplicationContext
2024-07-24 16:33:35.047  INFO 11924 --- [restartedMain] w.s.c.ServletWebServerApplicationContext : Root WebApplicationContext: initialization completed in 2427 ms
2024-07-24 16:33:35.334  INFO 11924 --- [restartedMain] o.hibernate.jpa.internal.util.LogHelper  : HHH000204: Processing PersistenceUnitInfo [name: default]
2024-07-24 16:33:35.484  INFO 11924 --- [restartedMain] org.hibernate.Version                    : HHH000412: Hibernate ORM core version 5.6.14.Final
2024-07-24 16:33:35.736  INFO 11924 --- [restartedMain] o.hibernate.annotations.common.Version   : HCANN000001: Hibernate Commons Annotations {5.1.2.Final}
2024-07-24 16:33:35.897  INFO 11924 --- [restartedMain] com.zaxxer.hikari.HikariDataSource       : HikariPool-1 - Starting...
2024-07-24 16:33:36.321  INFO 11924 --- [restartedMain] com.zaxxer.hikari.HikariDataSource       : HikariPool-1 - Start completed.
2024-07-24 16:33:36.374  INFO 11924 --- [restartedMain] org.hibernate.dialect.Dialect            : HHH000400: Using dialect: org.hibernate.dialect.MySQL8Dialect
2024-07-24 16:33:37.696  INFO 11924 --- [restartedMain] o.h.e.t.j.p.i.JtaPlatformInitiator       : HHH000490: Using JtaPlatform implementation: [org.hibernate.engine.transaction.jta.platform.internal.NoJtaPlatform]
2024-07-24 16:33:37.712  INFO 11924 --- [restartedMain] j.LocalContainerEntityManagerFactoryBean : Initialized JPA EntityManagerFactory for persistence unit 'default'
2024-07-24 16:33:38.449  WARN 11924 --- [restartedMain] JpaBaseConfiguration$JpaWebConfiguration : spring.jpa.open-in-view is enabled by default. Therefore, database queries may be performed during view rendering. Explicitly configure spring.jpa.open-in-view to disable this warning
2024-07-24 16:33:38.970  INFO 11924 --- [restartedMain] o.s.b.d.a.OptionalLiveReloadServer       : LiveReload server is running on port 35729
2024-07-24 16:33:39.050  INFO 11924 --- [restartedMain] o.s.b.w.embedded.tomcat.TomcatWebServer  : Tomcat started on port(s): 9191 (http) with context path ''
2024-07-24 16:33:39.075  INFO 11924 --- [restartedMain] c.bikkadit.blog.BlogAppApisApplication   : Started BlogAppApisApplication in 7.301 seconds (JVM running for 8.537)
2024-07-24 16:33:44.894  INFO 11924 --- [http-nio-9191-exec-1] o.a.c.c.C.[Tomcat].[localhost].[/]       : Initializing Spring DispatcherServlet 'dispatcherServlet'
2024-07-24 16:33:44.895  INFO 11924 --- [http-nio-9191-exec-1] o.s.web.servlet.DispatcherServlet        : Initializing Servlet 'dispatcherServlet'
2024-07-24 16:33:44.896  INFO 11924 --- [http-nio-9191-exec-1] o.s.web.servlet.DispatcherServlet        : Completed initialization in 1 ms
2024-07-24 16:33:44.955  INFO 11924 --- [http-nio-9191-exec-1] c.b.blog.controllers.PostController      : Initiating the request to get all posts
2024-07-24 16:33:44.956  INFO 11924 --- [http-nio-9191-exec-1] c.b.blog.services.impl.PostServiceImpl   : Initiating the request to get a dao call for all posts 
2024-07-24 16:33:45.268  INFO 11924 --- [http-nio-9191-exec-1] c.b.blog.services.impl.PostServiceImpl   : Compliting the request to get a dao call for all posts 
2024-07-24 16:33:45.269  INFO 11924 --- [http-nio-9191-exec-1] c.b.blog.controllers.PostController      : Compliting the request to get all posts
2024-07-24 16:34:53.544  INFO 11924 --- [http-nio-9191-exec-5] c.b.blog.controllers.PostController      : Initiating the request to get all posts
2024-07-24 16:34:53.546  INFO 11924 --- [http-nio-9191-exec-5] c.b.blog.services.impl.PostServiceImpl   : Initiating the request to get a dao call for all posts 
2024-07-24 16:34:53.566  INFO 11924 --- [http-nio-9191-exec-5] c.b.blog.services.impl.PostServiceImpl   : Compliting the request to get a dao call for all posts 
2024-07-24 16:34:53.567  INFO 11924 --- [http-nio-9191-exec-5] c.b.blog.controllers.PostController      : Compliting the request to get all posts
2024-07-24 16:35:03.272  INFO 11924 --- [http-nio-9191-exec-6] c.b.blog.controllers.PostController      : Initiating the request to get all posts
2024-07-24 16:35:03.273  INFO 11924 --- [http-nio-9191-exec-6] c.b.blog.services.impl.PostServiceImpl   : Initiating the request to get a dao call for all posts 
2024-07-24 16:35:03.289  INFO 11924 --- [http-nio-9191-exec-6] c.b.blog.services.impl.PostServiceImpl   : Compliting the request to get a dao call for all posts 
2024-07-24 16:35:03.290  INFO 11924 --- [http-nio-9191-exec-6] c.b.blog.controllers.PostController      : Compliting the request to get all posts
2024-07-24 16:53:48.821  INFO 11924 --- [RMI TCP Connection(22)-127.0.0.1] inMXBeanRegistrar$SpringApplicationAdmin : Application shutdown requested.
2024-07-24 16:53:48.861  INFO 11924 --- [RMI TCP Connection(22)-127.0.0.1] o.apache.catalina.core.StandardService   : Stopping service [Tomcat]
2024-07-24 16:53:48.863  INFO 11924 --- [RMI TCP Connection(22)-127.0.0.1] o.a.c.c.C.[Tomcat].[localhost].[/]       : Destroying Spring FrameworkServlet 'dispatcherServlet'
2024-07-24 16:53:48.874  INFO 11924 --- [RMI TCP Connection(22)-127.0.0.1] j.LocalContainerEntityManagerFactoryBean : Closing JPA EntityManagerFactory for persistence unit 'default'
2024-07-24 16:53:48.879  INFO 11924 --- [RMI TCP Connection(22)-127.0.0.1] com.zaxxer.hikari.HikariDataSource       : HikariPool-1 - Shutdown initiated...
2024-07-24 16:53:48.897  INFO 11924 --- [RMI TCP Connection(22)-127.0.0.1] com.zaxxer.hikari.HikariDataSource       : HikariPool-1 - Shutdown completed.
2024-07-24 17:21:40.252  INFO 22820 --- [restartedMain] c.bikkadit.blog.BlogAppApisApplication   : Starting BlogAppApisApplication using Java 17.0.10 on SONUP with PID 22820 (C:\Users\shekh\OneDrive\Desktop\Complete-BackendProjectUsingSpringboot\blog-app-apis\target\classes started by shekh in C:\Users\shekh\OneDrive\Desktop\Complete-BackendProjectUsingSpringboot\blog-app-apis)
2024-07-24 17:21:40.254  INFO 22820 --- [restartedMain] c.bikkadit.blog.BlogAppApisApplication   : No active profile set, falling back to 1 default profile: "default"
2024-07-24 17:21:40.335  INFO 22820 --- [restartedMain] .e.DevToolsPropertyDefaultsPostProcessor : Devtools property defaults active! Set 'spring.devtools.add-properties' to 'false' to disable
2024-07-24 17:21:40.336  INFO 22820 --- [restartedMain] .e.DevToolsPropertyDefaultsPostProcessor : For additional web related logging consider setting the 'logging.level.web' property to 'DEBUG'
2024-07-24 17:21:41.320  INFO 22820 --- [restartedMain] .s.d.r.c.RepositoryConfigurationDelegate : Bootstrapping Spring Data JPA repositories in DEFAULT mode.
2024-07-24 17:21:41.415  INFO 22820 --- [restartedMain] .s.d.r.c.RepositoryConfigurationDelegate : Finished Spring Data repository scanning in 80 ms. Found 3 JPA repository interfaces.
2024-07-24 17:21:42.185  INFO 22820 --- [restartedMain] o.s.b.w.embedded.tomcat.TomcatWebServer  : Tomcat initialized with port(s): 9191 (http)
2024-07-24 17:21:42.200  INFO 22820 --- [restartedMain] o.apache.catalina.core.StandardService   : Starting service [Tomcat]
2024-07-24 17:21:42.200  INFO 22820 --- [restartedMain] org.apache.catalina.core.StandardEngine  : Starting Servlet engine: [Apache Tomcat/9.0.71]
2024-07-24 17:21:42.336  INFO 22820 --- [restartedMain] o.a.c.c.C.[Tomcat].[localhost].[/]       : Initializing Spring embedded WebApplicationContext
2024-07-24 17:21:42.337  INFO 22820 --- [restartedMain] w.s.c.ServletWebServerApplicationContext : Root WebApplicationContext: initialization completed in 2000 ms
2024-07-24 17:21:42.520  INFO 22820 --- [restartedMain] o.hibernate.jpa.internal.util.LogHelper  : HHH000204: Processing PersistenceUnitInfo [name: default]
2024-07-24 17:21:42.608  INFO 22820 --- [restartedMain] org.hibernate.Version                    : HHH000412: Hibernate ORM core version 5.6.14.Final
2024-07-24 17:21:42.842  INFO 22820 --- [restartedMain] o.hibernate.annotations.common.Version   : HCANN000001: Hibernate Commons Annotations {5.1.2.Final}
2024-07-24 17:21:42.995  INFO 22820 --- [restartedMain] com.zaxxer.hikari.HikariDataSource       : HikariPool-1 - Starting...
2024-07-24 17:21:43.418  INFO 22820 --- [restartedMain] com.zaxxer.hikari.HikariDataSource       : HikariPool-1 - Start completed.
2024-07-24 17:21:43.472  INFO 22820 --- [restartedMain] org.hibernate.dialect.Dialect            : HHH000400: Using dialect: org.hibernate.dialect.MySQL8Dialect
2024-07-24 17:21:44.556  INFO 22820 --- [restartedMain] o.h.e.t.j.p.i.JtaPlatformInitiator       : HHH000490: Using JtaPlatform implementation: [org.hibernate.engine.transaction.jta.platform.internal.NoJtaPlatform]
2024-07-24 17:21:44.570  INFO 22820 --- [restartedMain] j.LocalContainerEntityManagerFactoryBean : Initialized JPA EntityManagerFactory for persistence unit 'default'
2024-07-24 17:21:45.151  WARN 22820 --- [restartedMain] JpaBaseConfiguration$JpaWebConfiguration : spring.jpa.open-in-view is enabled by default. Therefore, database queries may be performed during view rendering. Explicitly configure spring.jpa.open-in-view to disable this warning
2024-07-24 17:21:45.563  INFO 22820 --- [restartedMain] o.s.b.d.a.OptionalLiveReloadServer       : LiveReload server is running on port 35729
2024-07-24 17:21:45.619  INFO 22820 --- [restartedMain] o.s.b.w.embedded.tomcat.TomcatWebServer  : Tomcat started on port(s): 9191 (http) with context path ''
2024-07-24 17:21:45.632  INFO 22820 --- [restartedMain] c.bikkadit.blog.BlogAppApisApplication   : Started BlogAppApisApplication in 6.041 seconds (JVM running for 7.059)
2024-07-24 17:22:02.142  INFO 22820 --- [RMI TCP Connection(2)-127.0.0.1] inMXBeanRegistrar$SpringApplicationAdmin : Application shutdown requested.
2024-07-24 17:22:02.169  INFO 22820 --- [RMI TCP Connection(2)-127.0.0.1] o.apache.catalina.core.StandardService   : Stopping service [Tomcat]
2024-07-24 17:22:02.179  INFO 22820 --- [RMI TCP Connection(2)-127.0.0.1] j.LocalContainerEntityManagerFactoryBean : Closing JPA EntityManagerFactory for persistence unit 'default'
2024-07-24 17:22:02.183  INFO 22820 --- [RMI TCP Connection(2)-127.0.0.1] com.zaxxer.hikari.HikariDataSource       : HikariPool-1 - Shutdown initiated...
2024-07-24 17:22:02.198  INFO 22820 --- [RMI TCP Connection(2)-127.0.0.1] com.zaxxer.hikari.HikariDataSource       : HikariPool-1 - Shutdown completed.
2024-07-24 17:26:01.509  INFO 27928 --- [restartedMain] c.bikkadit.blog.BlogAppApisApplication   : Starting BlogAppApisApplication using Java 17.0.10 on SONUP with PID 27928 (C:\Users\shekh\OneDrive\Desktop\Complete-BackendProjectUsingSpringboot\blog-app-apis\target\classes started by shekh in C:\Users\shekh\OneDrive\Desktop\Complete-BackendProjectUsingSpringboot\blog-app-apis)
2024-07-24 17:26:01.511  INFO 27928 --- [restartedMain] c.bikkadit.blog.BlogAppApisApplication   : No active profile set, falling back to 1 default profile: "default"
2024-07-24 17:26:01.594  INFO 27928 --- [restartedMain] .e.DevToolsPropertyDefaultsPostProcessor : Devtools property defaults active! Set 'spring.devtools.add-properties' to 'false' to disable
2024-07-24 17:26:01.594  INFO 27928 --- [restartedMain] .e.DevToolsPropertyDefaultsPostProcessor : For additional web related logging consider setting the 'logging.level.web' property to 'DEBUG'
2024-07-24 17:26:02.462  INFO 27928 --- [restartedMain] .s.d.r.c.RepositoryConfigurationDelegate : Bootstrapping Spring Data JPA repositories in DEFAULT mode.
2024-07-24 17:26:02.551  INFO 27928 --- [restartedMain] .s.d.r.c.RepositoryConfigurationDelegate : Finished Spring Data repository scanning in 73 ms. Found 3 JPA repository interfaces.
2024-07-24 17:26:03.279  INFO 27928 --- [restartedMain] o.s.b.w.embedded.tomcat.TomcatWebServer  : Tomcat initialized with port(s): 9191 (http)
2024-07-24 17:26:03.292  INFO 27928 --- [restartedMain] o.apache.catalina.core.StandardService   : Starting service [Tomcat]
2024-07-24 17:26:03.293  INFO 27928 --- [restartedMain] org.apache.catalina.core.StandardEngine  : Starting Servlet engine: [Apache Tomcat/9.0.71]
2024-07-24 17:26:03.410  INFO 27928 --- [restartedMain] o.a.c.c.C.[Tomcat].[localhost].[/]       : Initializing Spring embedded WebApplicationContext
2024-07-24 17:26:03.411  INFO 27928 --- [restartedMain] w.s.c.ServletWebServerApplicationContext : Root WebApplicationContext: initialization completed in 1815 ms
2024-07-24 17:26:03.590  INFO 27928 --- [restartedMain] o.hibernate.jpa.internal.util.LogHelper  : HHH000204: Processing PersistenceUnitInfo [name: default]
2024-07-24 17:26:03.660  INFO 27928 --- [restartedMain] org.hibernate.Version                    : HHH000412: Hibernate ORM core version 5.6.14.Final
2024-07-24 17:26:03.868  INFO 27928 --- [restartedMain] o.hibernate.annotations.common.Version   : HCANN000001: Hibernate Commons Annotations {5.1.2.Final}
2024-07-24 17:26:04.005  INFO 27928 --- [restartedMain] com.zaxxer.hikari.HikariDataSource       : HikariPool-1 - Starting...
2024-07-24 17:26:04.391  INFO 27928 --- [restartedMain] com.zaxxer.hikari.HikariDataSource       : HikariPool-1 - Start completed.
2024-07-24 17:26:04.439  INFO 27928 --- [restartedMain] org.hibernate.dialect.Dialect            : HHH000400: Using dialect: org.hibernate.dialect.MySQL8Dialect
2024-07-24 17:26:05.430  INFO 27928 --- [restartedMain] o.h.e.t.j.p.i.JtaPlatformInitiator       : HHH000490: Using JtaPlatform implementation: [org.hibernate.engine.transaction.jta.platform.internal.NoJtaPlatform]
2024-07-24 17:26:05.443  INFO 27928 --- [restartedMain] j.LocalContainerEntityManagerFactoryBean : Initialized JPA EntityManagerFactory for persistence unit 'default'
2024-07-24 17:26:06.135  WARN 27928 --- [restartedMain] JpaBaseConfiguration$JpaWebConfiguration : spring.jpa.open-in-view is enabled by default. Therefore, database queries may be performed during view rendering. Explicitly configure spring.jpa.open-in-view to disable this warning
2024-07-24 17:26:06.634  INFO 27928 --- [restartedMain] o.s.b.d.a.OptionalLiveReloadServer       : LiveReload server is running on port 35729
2024-07-24 17:26:06.692  INFO 27928 --- [restartedMain] o.s.b.w.embedded.tomcat.TomcatWebServer  : Tomcat started on port(s): 9191 (http) with context path ''
2024-07-24 17:26:06.705  INFO 27928 --- [restartedMain] c.bikkadit.blog.BlogAppApisApplication   : Started BlogAppApisApplication in 5.894 seconds (JVM running for 6.909)
2024-07-24 17:27:24.849  INFO 27928 --- [http-nio-9191-exec-1] o.a.c.c.C.[Tomcat].[localhost].[/]       : Initializing Spring DispatcherServlet 'dispatcherServlet'
2024-07-24 17:27:24.851  INFO 27928 --- [http-nio-9191-exec-1] o.s.web.servlet.DispatcherServlet        : Initializing Servlet 'dispatcherServlet'
2024-07-24 17:27:24.856  INFO 27928 --- [http-nio-9191-exec-1] o.s.web.servlet.DispatcherServlet        : Completed initialization in 5 ms
2024-07-24 17:27:24.923  INFO 27928 --- [http-nio-9191-exec-1] c.b.blog.controllers.PostController      : Initiating the request to search posts
2024-07-24 17:27:24.923  INFO 27928 --- [http-nio-9191-exec-1] c.b.blog.services.impl.PostServiceImpl   : Initiating the request to search dao call for posts
2024-07-24 17:27:25.122  INFO 27928 --- [http-nio-9191-exec-1] c.b.blog.services.impl.PostServiceImpl   : Compliting the request to search dao call for posts
2024-07-24 17:27:25.123  INFO 27928 --- [http-nio-9191-exec-1] c.b.blog.controllers.PostController      : Compliting the request to search posts
2024-07-24 17:27:33.696  INFO 27928 --- [http-nio-9191-exec-3] c.b.blog.controllers.PostController      : Initiating the request to search posts
2024-07-24 17:27:33.696  INFO 27928 --- [http-nio-9191-exec-3] c.b.blog.services.impl.PostServiceImpl   : Initiating the request to search dao call for posts
2024-07-24 17:27:33.699  INFO 27928 --- [http-nio-9191-exec-3] c.b.blog.services.impl.PostServiceImpl   : Compliting the request to search dao call for posts
2024-07-24 17:27:33.700  INFO 27928 --- [http-nio-9191-exec-3] c.b.blog.controllers.PostController      : Compliting the request to search posts
2024-07-24 17:34:36.972  INFO 27928 --- [RMI TCP Connection(12)-127.0.0.1] inMXBeanRegistrar$SpringApplicationAdmin : Application shutdown requested.
2024-07-24 17:34:36.989  INFO 27928 --- [RMI TCP Connection(12)-127.0.0.1] o.apache.catalina.core.StandardService   : Stopping service [Tomcat]
2024-07-24 17:34:36.991  INFO 27928 --- [RMI TCP Connection(12)-127.0.0.1] o.a.c.c.C.[Tomcat].[localhost].[/]       : Destroying Spring FrameworkServlet 'dispatcherServlet'
2024-07-24 17:34:37.001  INFO 27928 --- [RMI TCP Connection(12)-127.0.0.1] j.LocalContainerEntityManagerFactoryBean : Closing JPA EntityManagerFactory for persistence unit 'default'
2024-07-24 17:34:37.006  INFO 27928 --- [RMI TCP Connection(12)-127.0.0.1] com.zaxxer.hikari.HikariDataSource       : HikariPool-1 - Shutdown initiated...
2024-07-24 17:34:37.025  INFO 27928 --- [RMI TCP Connection(12)-127.0.0.1] com.zaxxer.hikari.HikariDataSource       : HikariPool-1 - Shutdown completed.
2024-07-24 17:37:58.098  INFO 29880 --- [restartedMain] c.bikkadit.blog.BlogAppApisApplication   : Starting BlogAppApisApplication using Java 17.0.10 on SONUP with PID 29880 (C:\Users\shekh\OneDrive\Desktop\Complete-BackendProjectUsingSpringboot\blog-app-apis\target\classes started by shekh in C:\Users\shekh\OneDrive\Desktop\Complete-BackendProjectUsingSpringboot\blog-app-apis)
2024-07-24 17:37:58.100  INFO 29880 --- [restartedMain] c.bikkadit.blog.BlogAppApisApplication   : No active profile set, falling back to 1 default profile: "default"
2024-07-24 17:37:58.183  INFO 29880 --- [restartedMain] .e.DevToolsPropertyDefaultsPostProcessor : Devtools property defaults active! Set 'spring.devtools.add-properties' to 'false' to disable
2024-07-24 17:37:58.183  INFO 29880 --- [restartedMain] .e.DevToolsPropertyDefaultsPostProcessor : For additional web related logging consider setting the 'logging.level.web' property to 'DEBUG'
2024-07-24 17:37:59.030  INFO 29880 --- [restartedMain] .s.d.r.c.RepositoryConfigurationDelegate : Bootstrapping Spring Data JPA repositories in DEFAULT mode.
2024-07-24 17:37:59.117  INFO 29880 --- [restartedMain] .s.d.r.c.RepositoryConfigurationDelegate : Finished Spring Data repository scanning in 71 ms. Found 3 JPA repository interfaces.
2024-07-24 17:37:59.832  INFO 29880 --- [restartedMain] o.s.b.w.embedded.tomcat.TomcatWebServer  : Tomcat initialized with port(s): 9191 (http)
2024-07-24 17:37:59.846  INFO 29880 --- [restartedMain] o.apache.catalina.core.StandardService   : Starting service [Tomcat]
2024-07-24 17:37:59.847  INFO 29880 --- [restartedMain] org.apache.catalina.core.StandardEngine  : Starting Servlet engine: [Apache Tomcat/9.0.71]
2024-07-24 17:37:59.968  INFO 29880 --- [restartedMain] o.a.c.c.C.[Tomcat].[localhost].[/]       : Initializing Spring embedded WebApplicationContext
2024-07-24 17:37:59.968  INFO 29880 --- [restartedMain] w.s.c.ServletWebServerApplicationContext : Root WebApplicationContext: initialization completed in 1784 ms
2024-07-24 17:38:00.155  INFO 29880 --- [restartedMain] o.hibernate.jpa.internal.util.LogHelper  : HHH000204: Processing PersistenceUnitInfo [name: default]
2024-07-24 17:38:00.227  INFO 29880 --- [restartedMain] org.hibernate.Version                    : HHH000412: Hibernate ORM core version 5.6.14.Final
2024-07-24 17:38:00.437  INFO 29880 --- [restartedMain] o.hibernate.annotations.common.Version   : HCANN000001: Hibernate Commons Annotations {5.1.2.Final}
2024-07-24 17:38:00.581  INFO 29880 --- [restartedMain] com.zaxxer.hikari.HikariDataSource       : HikariPool-1 - Starting...
2024-07-24 17:38:00.995  INFO 29880 --- [restartedMain] com.zaxxer.hikari.HikariDataSource       : HikariPool-1 - Start completed.
2024-07-24 17:38:01.047  INFO 29880 --- [restartedMain] org.hibernate.dialect.Dialect            : HHH000400: Using dialect: org.hibernate.dialect.MySQL8Dialect
2024-07-24 17:38:02.165  INFO 29880 --- [restartedMain] o.h.e.t.j.p.i.JtaPlatformInitiator       : HHH000490: Using JtaPlatform implementation: [org.hibernate.engine.transaction.jta.platform.internal.NoJtaPlatform]
2024-07-24 17:38:02.179  INFO 29880 --- [restartedMain] j.LocalContainerEntityManagerFactoryBean : Initialized JPA EntityManagerFactory for persistence unit 'default'
2024-07-24 17:38:03.024  WARN 29880 --- [restartedMain] JpaBaseConfiguration$JpaWebConfiguration : spring.jpa.open-in-view is enabled by default. Therefore, database queries may be performed during view rendering. Explicitly configure spring.jpa.open-in-view to disable this warning
2024-07-24 17:38:03.444  INFO 29880 --- [restartedMain] o.s.b.d.a.OptionalLiveReloadServer       : LiveReload server is running on port 35729
2024-07-24 17:38:03.495  INFO 29880 --- [restartedMain] o.s.b.w.embedded.tomcat.TomcatWebServer  : Tomcat started on port(s): 9191 (http) with context path ''
2024-07-24 17:38:03.508  INFO 29880 --- [restartedMain] c.bikkadit.blog.BlogAppApisApplication   : Started BlogAppApisApplication in 6.187 seconds (JVM running for 7.197)
2024-07-24 17:38:08.441  INFO 29880 --- [http-nio-9191-exec-1] o.a.c.c.C.[Tomcat].[localhost].[/]       : Initializing Spring DispatcherServlet 'dispatcherServlet'
2024-07-24 17:38:08.441  INFO 29880 --- [http-nio-9191-exec-1] o.s.web.servlet.DispatcherServlet        : Initializing Servlet 'dispatcherServlet'
2024-07-24 17:38:08.443  INFO 29880 --- [http-nio-9191-exec-1] o.s.web.servlet.DispatcherServlet        : Completed initialization in 1 ms
2024-07-24 17:38:08.502  INFO 29880 --- [http-nio-9191-exec-1] c.b.blog.controllers.PostController      : Initiating the request to search posts
2024-07-24 17:38:08.502  INFO 29880 --- [http-nio-9191-exec-1] c.b.blog.services.impl.PostServiceImpl   : Initiating the request to search dao call for posts
2024-07-24 17:38:08.541  INFO 29880 --- [http-nio-9191-exec-1] c.b.blog.services.impl.PostServiceImpl   : Compliting the request to search dao call for posts
2024-07-24 17:38:08.541  INFO 29880 --- [http-nio-9191-exec-1] c.b.blog.controllers.PostController      : Compliting the request to search posts
2024-07-24 17:38:14.051  INFO 29880 --- [http-nio-9191-exec-3] c.b.blog.controllers.PostController      : Initiating the request to search posts
2024-07-24 17:38:14.052  INFO 29880 --- [http-nio-9191-exec-3] c.b.blog.services.impl.PostServiceImpl   : Initiating the request to search dao call for posts
2024-07-24 17:38:14.055  INFO 29880 --- [http-nio-9191-exec-3] c.b.blog.services.impl.PostServiceImpl   : Compliting the request to search dao call for posts
2024-07-24 17:38:14.055  INFO 29880 --- [http-nio-9191-exec-3] c.b.blog.controllers.PostController      : Compliting the request to search posts
2024-07-24 17:38:18.795  INFO 29880 --- [http-nio-9191-exec-4] c.b.blog.controllers.PostController      : Initiating the request to search posts
2024-07-24 17:38:18.796  INFO 29880 --- [http-nio-9191-exec-4] c.b.blog.services.impl.PostServiceImpl   : Initiating the request to search dao call for posts
2024-07-24 17:38:18.800  INFO 29880 --- [http-nio-9191-exec-4] c.b.blog.services.impl.PostServiceImpl   : Compliting the request to search dao call for posts
2024-07-24 17:38:18.800  INFO 29880 --- [http-nio-9191-exec-4] c.b.blog.controllers.PostController      : Compliting the request to search posts
2024-07-24 17:38:34.890  INFO 29880 --- [http-nio-9191-exec-5] c.b.blog.controllers.PostController      : Initiating the request to search posts
2024-07-24 17:38:34.891  INFO 29880 --- [http-nio-9191-exec-5] c.b.blog.services.impl.PostServiceImpl   : Initiating the request to search dao call for posts
2024-07-24 17:38:34.895  INFO 29880 --- [http-nio-9191-exec-5] c.b.blog.services.impl.PostServiceImpl   : Compliting the request to search dao call for posts
2024-07-24 17:38:34.895  INFO 29880 --- [http-nio-9191-exec-5] c.b.blog.controllers.PostController      : Compliting the request to search posts
2024-07-24 17:38:56.865  INFO 29880 --- [http-nio-9191-exec-6] c.b.blog.controllers.PostController      : Initiating the request to search posts
2024-07-24 17:38:56.866  INFO 29880 --- [http-nio-9191-exec-6] c.b.blog.services.impl.PostServiceImpl   : Initiating the request to search dao call for posts
2024-07-24 17:38:56.953  INFO 29880 --- [http-nio-9191-exec-6] c.b.blog.services.impl.PostServiceImpl   : Compliting the request to search dao call for posts
2024-07-24 17:38:56.953  INFO 29880 --- [http-nio-9191-exec-6] c.b.blog.controllers.PostController      : Compliting the request to search posts
2024-07-24 17:39:26.838  INFO 29880 --- [http-nio-9191-exec-7] c.b.blog.controllers.PostController      : Initiating the request to search posts
2024-07-24 17:39:26.838  INFO 29880 --- [http-nio-9191-exec-7] c.b.blog.services.impl.PostServiceImpl   : Initiating the request to search dao call for posts
2024-07-24 17:39:26.846  INFO 29880 --- [http-nio-9191-exec-7] c.b.blog.services.impl.PostServiceImpl   : Compliting the request to search dao call for posts
2024-07-24 17:39:26.846  INFO 29880 --- [http-nio-9191-exec-7] c.b.blog.controllers.PostController      : Compliting the request to search posts
2024-07-24 17:41:33.461  INFO 29880 --- [RMI TCP Connection(7)-127.0.0.1] inMXBeanRegistrar$SpringApplicationAdmin : Application shutdown requested.
2024-07-24 17:41:33.508  INFO 29880 --- [RMI TCP Connection(7)-127.0.0.1] o.apache.catalina.core.StandardService   : Stopping service [Tomcat]
2024-07-24 17:41:33.512  INFO 29880 --- [RMI TCP Connection(7)-127.0.0.1] o.a.c.c.C.[Tomcat].[localhost].[/]       : Destroying Spring FrameworkServlet 'dispatcherServlet'
2024-07-24 17:41:33.534  INFO 29880 --- [RMI TCP Connection(7)-127.0.0.1] j.LocalContainerEntityManagerFactoryBean : Closing JPA EntityManagerFactory for persistence unit 'default'
2024-07-24 17:41:33.544  INFO 29880 --- [RMI TCP Connection(7)-127.0.0.1] com.zaxxer.hikari.HikariDataSource       : HikariPool-1 - Shutdown initiated...
2024-07-24 17:41:33.578  INFO 29880 --- [RMI TCP Connection(7)-127.0.0.1] com.zaxxer.hikari.HikariDataSource       : HikariPool-1 - Shutdown completed.
