2024-07-24 19:11:04 - HV000001: Hibernate Validator 6.2.5.Final
2024-07-24 19:11:04 - Starting BlogAppApisApplication using Java 17.0.10 on SONUP with PID 18180 (C:\Users\shekh\OneDrive\Desktop\Complete-BackendProjectUsingSpringboot\blog-app-apis\target\classes started by shekh in C:\Users\shekh\OneDrive\Desktop\Complete-BackendProjectUsingSpringboot\blog-app-apis)
2024-07-24 19:11:04 - No active profile set, falling back to 1 default profile: "default"
2024-07-24 19:11:04 - Devtools property defaults active! Set 'spring.devtools.add-properties' to 'false' to disable
2024-07-24 19:11:04 - For additional web related logging consider setting the 'logging.level.web' property to 'DEBUG'
2024-07-24 19:11:05 - Bootstrapping Spring Data JPA repositories in DEFAULT mode.
2024-07-24 19:11:05 - Finished Spring Data repository scanning in 78 ms. Found 3 JPA repository interfaces.
2024-07-24 19:11:06 - Tomcat initialized with port(s): 9191 (http)
2024-07-24 19:11:06 - Initializing ProtocolHandler ["http-nio-9191"]
2024-07-24 19:11:06 - Starting service [Tomcat]
2024-07-24 19:11:06 - Starting Servlet engine: [Apache Tomcat/9.0.71]
2024-07-24 19:11:06 - Initializing Spring embedded WebApplicationContext
2024-07-24 19:11:06 - Root WebApplicationContext: initialization completed in 1984 ms
2024-07-24 19:11:06 - HHH000204: Processing PersistenceUnitInfo [name: default]
2024-07-24 19:11:06 - HHH000412: Hibernate ORM core version 5.6.14.Final
2024-07-24 19:11:06 - HCANN000001: Hibernate Commons Annotations {5.1.2.Final}
2024-07-24 19:11:06 - HikariPool-1 - Starting...
2024-07-24 19:11:07 - HikariPool-1 - Start completed.
2024-07-24 19:11:07 - HHH000400: Using dialect: org.hibernate.dialect.MySQL8Dialect
2024-07-24 19:11:08 - HHH000490: Using JtaPlatform implementation: [org.hibernate.engine.transaction.jta.platform.internal.NoJtaPlatform]
2024-07-24 19:11:08 - Initialized JPA EntityManagerFactory for persistence unit 'default'
2024-07-24 19:11:09 - spring.jpa.open-in-view is enabled by default. Therefore, database queries may be performed during view rendering. Explicitly configure spring.jpa.open-in-view to disable this warning
2024-07-24 19:11:09 - LiveReload server is running on port 35729
2024-07-24 19:11:09 - Starting ProtocolHandler ["http-nio-9191"]
2024-07-24 19:11:09 - Tomcat started on port(s): 9191 (http) with context path ''
2024-07-24 19:11:09 - Started BlogAppApisApplication in 6.302 seconds (JVM running for 7.584)
2024-07-24 19:12:33 - Application shutdown requested.
2024-07-24 19:12:33 - Pausing ProtocolHandler ["http-nio-9191"]
2024-07-24 19:12:33 - Stopping service [Tomcat]
2024-07-24 19:12:33 - Stopping ProtocolHandler ["http-nio-9191"]
2024-07-24 19:12:33 - Destroying ProtocolHandler ["http-nio-9191"]
2024-07-24 19:12:33 - Closing JPA EntityManagerFactory for persistence unit 'default'
2024-07-24 19:12:33 - HikariPool-1 - Shutdown initiated...
2024-07-24 19:12:33 - HikariPool-1 - Shutdown completed.
